  lab5.cpp
k:\courses\csse\coursefiles\cs1430\labs\lab5.cpp(41): error C2059: syntax error: ')'
k:\courses\csse\coursefiles\cs1430\labs\lab5.cpp(42): error C2143: syntax error: missing ';' before '{'
k:\courses\csse\coursefiles\cs1430\labs\lab5.cpp(51): error C2059: syntax error: ')'
k:\courses\csse\coursefiles\cs1430\labs\lab5.cpp(52): error C2143: syntax error: missing ';' before '{'
k:\courses\csse\coursefiles\cs1430\labs\lab5.cpp(55): error C2059: syntax error: ')'
k:\courses\csse\coursefiles\cs1430\labs\lab5.cpp(56): error C2143: syntax error: missing ';' before '{'
k:\courses\csse\coursefiles\cs1430\labs\lab5.cpp(77): error C2059: syntax error: ')'
